2023-08-15 10:34:12:3412 [[32minfo[39m] - [32mfromNodeMiddleware: GET undefined 200[39m
2023-08-15 10:34:12:3412 [[32minfo[39m] - [32mfromNodeMiddleware: GET undefined 200[39m
2023-08-15 10:34:12:3412 [[32minfo[39m] - [32mfromNodeMiddleware: GET undefined 200[39m
2023-08-15 10:34:14:3414 [[32minfo[39m] - [32mfromNodeMiddleware: GET undefined 200[39m
2023-08-15 10:34:14:3414 [[32minfo[39m] - [32mfromNodeMiddleware: GET undefined 200[39m
2023-08-15 10:34:14:3414 [[32minfo[39m] - [32mfromNodeMiddleware: GET undefined 200[39m
2023-08-15 10:36:30:3630 [[32minfo[39m] - [32mfromNodeMiddleware: GET undefined 200[39m
2023-08-15 10:36:30:3630 [[32minfo[39m] - [32mfromNodeMiddleware: GET undefined 200[39m
2023-08-15 10:36:30:3630 [[32minfo[39m] - [32mfromNodeMiddleware: GET undefined 200[39m
2023-08-15 10:36:30:3630 [[32minfo[39m] - [32mfromNodeMiddleware: GET undefined 200[39m
2023-08-15 10:36:30:3630 [[32minfo[39m] - [32mfromNodeMiddleware: GET undefined 200[39m
2023-08-15 10:36:58:3658 [[32minfo[39m] - [32mfromNodeMiddleware: GET undefined 200[39m
2023-08-15 10:36:58:3658 [[32minfo[39m] - [32mfromNodeMiddleware: GET undefined 200[39m
2023-08-15 10:36:58:3658 [[32minfo[39m] - [32mfromNodeMiddleware: GET undefined 200[39m
2023-08-15 10:37:28:3728 [[32minfo[39m] - [32mReq: GET /idk[39m
2023-08-15 10:37:28:3728 [[32minfo[39m] - [32mRes: 200, /idk, undefined, GET[39m
2023-08-15 10:37:32:3732 [[32minfo[39m] - [32mReq: GET /idk[39m
2023-08-15 10:37:32:3732 [[32minfo[39m] - [32mRes: 200, /idk, undefined, GET[39m
2023-08-15 10:38:37:3837 [[32minfo[39m] - [32mfromNodeMiddleware: GET undefined 200[39m
2023-08-15 10:38:37:3837 [[32minfo[39m] - [32mfromNodeMiddleware: GET undefined 200[39m
2023-08-15 10:38:37:3837 [[32minfo[39m] - [32mfromNodeMiddleware: GET undefined 200[39m
2023-08-15 10:38:38:3838 [[32minfo[39m] - [32mfromNodeMiddleware: GET undefined 200[39m
2023-08-15 10:38:38:3838 [[32minfo[39m] - [32mfromNodeMiddleware: GET undefined 200[39m
2023-08-15 10:38:38:3838 [[32minfo[39m] - [32mfromNodeMiddleware: GET undefined 200[39m
2023-08-15 10:38:43:3843 [[32minfo[39m] - [32mReq: GET /idk[39m
2023-08-15 10:38:43:3843 [[32minfo[39m] - [32mRes: 200, /idk, undefined, GET[39m
2023-08-15 10:38:45:3845 [[32minfo[39m] - [32mReq: GET /idk[39m
2023-08-15 10:38:45:3845 [[32minfo[39m] - [32mRes: 200, /idk, undefined, GET[39m
2023-08-15 10:38:46:3846 [[32minfo[39m] - [32mReq: GET /idk[39m
2023-08-15 10:38:46:3846 [[32minfo[39m] - [32mRes: 200, /idk, undefined, GET[39m
2023-08-15 10:39:20:3920 [[32minfo[39m] - [32mfromNodeMiddleware: GET undefined 200[39m
2023-08-15 10:39:20:3920 [[32minfo[39m] - [32mfromNodeMiddleware: GET undefined 200[39m
2023-08-15 10:39:20:3920 [[32minfo[39m] - [32mfromNodeMiddleware: GET undefined 200[39m
2023-08-15 10:39:56:3956 [[32minfo[39m] - [32mfromNodeMiddleware: GET undefined 200[39m
2023-08-15 10:39:56:3956 [[32minfo[39m] - [32mfromNodeMiddleware: GET undefined 200[39m
2023-08-15 10:39:56:3956 [[32minfo[39m] - [32mfromNodeMiddleware: GET undefined 200[39m
2023-08-15 10:40:41:4041 [[32minfo[39m] - [32mfromNodeMiddleware: GET undefined 200[39m
2023-08-15 10:40:41:4041 [[32minfo[39m] - [32mfromNodeMiddleware: GET undefined 200[39m
2023-08-15 10:40:41:4041 [[32minfo[39m] - [32mfromNodeMiddleware: GET undefined 200[39m
2023-08-15 10:40:45:4045 [[32minfo[39m] - [32mReq: GET /idk[39m
2023-08-15 10:40:45:4045 [[32minfo[39m] - [32mRes: 200, /idk, undefined, GET[39m
2023-08-15 10:41:09:419 [[32minfo[39m] - [32mfromNodeMiddleware: GET undefined 200[39m
2023-08-15 10:41:09:419 [[32minfo[39m] - [32mfromNodeMiddleware: GET undefined 200[39m
2023-08-15 10:41:09:419 [[32minfo[39m] - [32mfromNodeMiddleware: GET undefined 200[39m
2023-08-15 10:41:13:4113 [[32minfo[39m] - [32mReq: GET /idk[39m
2023-08-15 10:41:13:4113 [[32minfo[39m] - [32mRes: 200, /idk, undefined, GET[39m
2023-08-15 10:41:15:4115 [[32minfo[39m] - [32mReq: GET /idk[39m
2023-08-15 10:41:15:4115 [[32minfo[39m] - [32mRes: 200, /idk, undefined, GET[39m
2023-08-15 10:41:16:4116 [[32minfo[39m] - [32mReq: GET /idk[39m
2023-08-15 10:41:16:4116 [[32minfo[39m] - [32mRes: 200, /idk, undefined, GET[39m
2023-08-15 10:41:26:4126 [[33mwarn[39m] - [33mReq: PUT /idk[39m
2023-08-15 10:41:26:4126 [[33mwarn[39m] - [33mRes: 200, false, undefined[39m
